TN:
SF:src/errors/index.ts
FNF:1
FNH:1
DA:1,42
DA:2,49
DA:3,38
LF:4
LH:3
end_of_record
TN:
SF:src/errors/rfc4512-error-type.enum.ts
FNF:1
FNH:1
DA:9,77
DA:16,52
DA:24,54
DA:32,54
DA:40,54
DA:48,50
DA:56,52
DA:64,60
DA:71,50
DA:79,62
DA:87,66
DA:95,64
DA:103,56
LF:105
LH:13
end_of_record
TN:
SF:src/errors/rfc4512-parser-error.interface.ts
FNF:0
FNH:0
LF:89
LH:0
end_of_record
TN:
SF:src/errors/rfc4512-parser.error.ts
FNF:4
FNH:4
DA:73,1
DA:99,13
DA:100,18
DA:101,22
DA:102,36
DA:103,18
DA:108,4
DA:109,38
DA:110,74
DA:111,62
DA:112,90
DA:113,76
DA:114,72
DA:115,64
DA:119,67
DA:120,118
DA:121,9
DA:151,28
DA:152,110
DA:154,47
DA:155,170
DA:156,3
DA:158,45
DA:159,98
DA:160,3
DA:162,63
DA:163,115
DA:164,52
DA:165,45
DA:166,86
DA:167,3
DA:169,41
DA:170,114
DA:171,3
DA:173,41
DA:204,16
DA:205,34
DA:206,44
DA:207,56
DA:208,64
DA:209,92
DA:210,60
DA:211,56
DA:212,48
DA:213,48
DA:214,30
DA:215,36
DA:216,29
DA:217,31
DA:218,23
DA:256,11
DA:257,14
DA:258,22
DA:259,36
DA:260,18
DA:264,4
DA:265,66
DA:266,30
DA:267,22
DA:268,36
DA:269,20
DA:270,28
DA:271,32
DA:272,2
DA:273,8
DA:275,1
LF:276
LH:66
end_of_record
TN:
SF:src/functions/index.ts
FNF:1
FNH:1
DA:1,39
LF:2
LH:1
end_of_record
TN:
SF:src/functions/parse-schema.function.ts
FNF:1
FNH:1
DA:2,45
DA:13,6
DA:14,18
DA:15,9
DA:16,2
DA:17,44
DA:18,45
LF:20
LH:7
end_of_record
TN:
SF:src/index.ts
FNF:1
FNH:1
DA:1,25
DA:2,28
DA:3,29
DA:4,24
DA:5,32
LF:6
LH:5
end_of_record
TN:
SF:src/interfaces/index.ts
FNF:1
FNH:1
DA:1,48
DA:2,46
DA:3,47
DA:4,25
LF:5
LH:4
end_of_record
TN:
SF:src/interfaces/ldap-attribute-type.interface.ts
FNF:0
FNH:0
LF:177
LH:0
end_of_record
TN:
SF:src/interfaces/ldap-object-class.interface.ts
FNF:0
FNH:0
LF:104
LH:0
end_of_record
TN:
SF:src/interfaces/legacy-ldap-schema.interface.ts
FNF:0
FNH:0
LF:84
LH:0
end_of_record
TN:
SF:src/rfc4512.parser.ts
FNF:9
FNH:9
DA:1,62
DA:2,64
DA:3,48
DA:4,132
DA:34,1
DA:39,35
DA:40,18
DA:41,152
DA:42,114
DA:43,111
DA:44,9
DA:45,34
DA:46,86
DA:47,37
DA:48,4
DA:49,53
DA:50,15
DA:61,53
DA:62,18
DA:64,98
DA:66,47
DA:67,72
DA:68,74
DA:69,60
DA:70,32
DA:71,9
DA:72,3
DA:75,104
DA:78,45
DA:79,36
DA:80,36
DA:81,32
DA:82,18
DA:83,68
DA:84,8
DA:85,3
DA:87,47
DA:88,36
DA:89,37
DA:90,32
DA:91,18
DA:92,69
DA:93,8
DA:94,3
DA:97,83
DA:98,70
DA:101,152
DA:102,94
DA:103,88
DA:105,55
DA:106,76
DA:107,162
DA:108,72
DA:109,36
DA:110,134
DA:111,11
DA:112,3
DA:115,98
DA:116,95
DA:117,76
DA:118,158
DA:119,60
DA:120,36
DA:121,156
DA:122,11
DA:123,3
DA:126,137
DA:128,236
DA:129,145
DA:130,80
DA:131,226
DA:132,64
DA:133,36
DA:134,142
DA:135,13
DA:136,3
DA:139,112
DA:140,99
DA:141,80
DA:142,152
DA:143,64
DA:144,36
DA:145,144
DA:146,13
DA:147,17
DA:148,3
DA:151,99
DA:152,104
DA:153,100
DA:154,146
DA:156,69
DA:157,80
DA:158,144
DA:159,70
DA:160,36
DA:161,180
DA:162,13
DA:163,17
DA:164,3
DA:167,128
DA:168,131
DA:169,83
DA:170,101
DA:171,84
DA:172,182
DA:173,62
DA:174,36
DA:175,254
DA:176,15
DA:177,21
DA:178,22
DA:181,61
DA:182,132
DA:183,3
DA:185,59
DA:186,128
DA:187,3
DA:190,98
DA:191,282
DA:192,6
DA:194,105
DA:195,105
DA:196,40
DA:197,98
DA:198,32
DA:199,18
DA:200,81
DA:201,12
DA:202,17
DA:203,13
DA:204,3
DA:207,87
DA:208,74
DA:211,98
DA:212,99
DA:213,76
DA:214,162
DA:215,60
DA:216,36
DA:217,156
DA:218,11
DA:219,3
DA:222,145
DA:223,286
DA:224,149
DA:225,80
DA:226,234
DA:227,64
DA:228,36
DA:229,146
DA:230,13
DA:231,17
DA:232,3
DA:235,115
DA:236,76
DA:237,144
DA:238,76
DA:239,36
DA:240,194
DA:241,11
DA:242,3
DA:245,102
DA:246,288
DA:247,224
DA:248,6
DA:250,109
DA:251,109
DA:252,40
DA:253,100
DA:254,32
DA:255,18
DA:256,85
DA:257,12
DA:258,17
DA:259,13
DA:260,3
DA:262,58
DA:264,18
DA:266,95
DA:267,43
DA:268,3
DA:271,58
DA:272,101
DA:273,86
DA:274,94
DA:275,88
DA:276,17
DA:279,80
DA:280,89
DA:281,133
DA:282,36
DA:283,24
DA:284,14
DA:295,64
DA:296,143
DA:305,55
DA:306,18
DA:307,82
DA:308,52
DA:309,4
DA:310,46
DA:320,52
DA:321,18
DA:322,112
DA:323,64
DA:324,4
DA:325,44
DA:335,53
DA:336,18
DA:337,112
DA:338,66
DA:339,4
DA:340,43
DA:343,66
DA:345,57
LF:346
LH:215
end_of_record
TN:
SF:src/types/index.ts
FNF:1
FNH:1
DA:1,44
DA:2,51
DA:3,41
DA:4,51
DA:5,35
DA:6,52
DA:7,38
LF:8
LH:7
end_of_record
TN:
SF:src/types/ldap-attribute-usage.type.ts
FNF:0
FNH:0
LF:51
LH:0
end_of_record
TN:
SF:src/types/ldap-equality-matching-rule.type.ts
FNF:0
FNH:0
LF:162
LH:0
end_of_record
TN:
SF:src/types/ldap-object-class.type.ts
FNF:0
FNH:0
LF:43
LH:0
end_of_record
TN:
SF:src/types/ldap-ordering-matching-rule.type.ts
FNF:0
FNH:0
LF:83
LH:0
end_of_record
TN:
SF:src/types/ldap-schema.type.ts
FNF:0
FNH:0
LF:34
LH:0
end_of_record
TN:
SF:src/types/ldap-substring-matching-rule.type.ts
FNF:0
FNH:0
LF:65
LH:0
end_of_record
TN:
SF:src/types/ldap-syntax-oid.type.ts
FNF:0
FNH:0
LF:122
LH:0
end_of_record
